=== Run: scdmn_cnn ===
Config: TrainConfig(model_type='scdmn', context_mode='cnn', epochs=30, batch_size=128, lr=0.1, momentum=0.9, weight_decay=0.0005, sparsity=0.5, z_dim=128, severity=3, use_official_c=True, train_size_per_context=10000, warmup_soft_mask_epochs=2, device='cuda', seed=42, data_root='./data_cache', save_dir='./experiments/runs', run_name='scdmn_cnn', log_every=50)
Train size: 40000   Test size: 40000
Model: scdmn   Params: 21,504,142
  epoch 000 step 0000   loss=2.3745
  epoch 000 step 0050   loss=2.3492
  epoch 000 step 0100   loss=2.2833
  epoch 000 step 0150   loss=2.0109
  epoch 000 step 0200   loss=1.9808
  epoch 000 step 0250   loss=2.0719
  epoch 000 step 0300   loss=1.9924
Epoch 000  train_loss=2.3539  train_acc=0.1820  test_overall=0.2382  per_ctx={'clean': '0.234', 'brightness': '0.233', 'frost': '0.263', 'gaussian_noise': '0.224'}  time=8.2s   gates=['0.183', '0.160', '0.152', '0.160']
  epoch 001 step 0000   loss=1.8751
  epoch 001 step 0050   loss=1.9677
  epoch 001 step 0100   loss=1.8465
  epoch 001 step 0150   loss=1.8969
  epoch 001 step 0200   loss=1.6855
  epoch 001 step 0250   loss=1.7874
  epoch 001 step 0300   loss=1.8347
Epoch 001  train_loss=1.8397  train_acc=0.3046  test_overall=0.3599  per_ctx={'clean': '0.364', 'brightness': '0.394', 'frost': '0.305', 'gaussian_noise': '0.377'}  time=8.1s   gates=['0.381', '0.210', '0.197', '0.302']
  epoch 002 step 0000   loss=1.8387
  epoch 002 step 0050   loss=1.7488
  epoch 002 step 0100   loss=1.5971
  epoch 002 step 0150   loss=1.5666
  epoch 002 step 0200   loss=1.6268
  epoch 002 step 0250   loss=1.5632
  epoch 002 step 0300   loss=1.5580
Epoch 002  train_loss=1.6738  train_acc=0.3749  test_overall=0.4155  per_ctx={'clean': '0.430', 'brightness': '0.420', 'frost': '0.394', 'gaussian_noise': '0.418'}  time=8.3s   gates=['0.187', '0.205', '0.228', '0.210']
  epoch 003 step 0000   loss=1.5681
  epoch 003 step 0050   loss=1.4524
  epoch 003 step 0100   loss=1.6910
  epoch 003 step 0150   loss=1.5509
  epoch 003 step 0200   loss=1.5190
  epoch 003 step 0250   loss=1.4774
  epoch 003 step 0300   loss=1.4944
Epoch 003  train_loss=1.5752  train_acc=0.4181  test_overall=0.4467  per_ctx={'clean': '0.454', 'brightness': '0.444', 'frost': '0.434', 'gaussian_noise': '0.455'}  time=8.2s   gates=['0.144', '0.220', '0.236', '0.200']
  epoch 004 step 0000   loss=1.5626
  epoch 004 step 0050   loss=1.5492
  epoch 004 step 0100   loss=1.2949
  epoch 004 step 0150   loss=1.3774
  epoch 004 step 0200   loss=1.2318
  epoch 004 step 0250   loss=1.4914
  epoch 004 step 0300   loss=1.4129
Epoch 004  train_loss=1.4761  train_acc=0.4581  test_overall=0.4983  per_ctx={'clean': '0.509', 'brightness': '0.498', 'frost': '0.502', 'gaussian_noise': '0.484'}  time=8.2s   gates=['0.110', '0.210', '0.201', '0.157']
  epoch 005 step 0000   loss=1.2854
  epoch 005 step 0050   loss=1.3602
  epoch 005 step 0100   loss=1.3733
  epoch 005 step 0150   loss=1.4337
  epoch 005 step 0200   loss=1.2939
  epoch 005 step 0250   loss=1.0750
  epoch 005 step 0300   loss=1.2162
Epoch 005  train_loss=1.3337  train_acc=0.5158  test_overall=0.5236  per_ctx={'clean': '0.541', 'brightness': '0.530', 'frost': '0.503', 'gaussian_noise': '0.519'}  time=8.2s   gates=['0.099', '0.188', '0.166', '0.128']
  epoch 006 step 0000   loss=1.3741
  epoch 006 step 0050   loss=1.1822
  epoch 006 step 0100   loss=1.2288
  epoch 006 step 0150   loss=1.1572
  epoch 006 step 0200   loss=0.9023
  epoch 006 step 0250   loss=1.2491
  epoch 006 step 0300   loss=1.0282
Epoch 006  train_loss=1.1708  train_acc=0.5774  test_overall=0.5597  per_ctx={'clean': '0.584', 'brightness': '0.565', 'frost': '0.545', 'gaussian_noise': '0.546'}  time=8.2s   gates=['0.100', '0.172', '0.146', '0.128']
  epoch 007 step 0000   loss=1.1734
  epoch 007 step 0050   loss=1.1228
  epoch 007 step 0100   loss=0.9329
  epoch 007 step 0150   loss=1.1431
  epoch 007 step 0200   loss=0.8036
  epoch 007 step 0250   loss=1.0879
  epoch 007 step 0300   loss=0.9494
Epoch 007  train_loss=1.0189  train_acc=0.6356  test_overall=0.6176  per_ctx={'clean': '0.628', 'brightness': '0.611', 'frost': '0.635', 'gaussian_noise': '0.597'}  time=8.2s   gates=['0.140', '0.162', '0.124', '0.116']
  epoch 008 step 0000   loss=0.9078
  epoch 008 step 0050   loss=0.9366
  epoch 008 step 0100   loss=0.8185
  epoch 008 step 0150   loss=0.9746
  epoch 008 step 0200   loss=0.9287
  epoch 008 step 0250   loss=0.7632
  epoch 008 step 0300   loss=0.7774
Epoch 008  train_loss=0.8739  train_acc=0.6894  test_overall=0.6702  per_ctx={'clean': '0.685', 'brightness': '0.684', 'frost': '0.664', 'gaussian_noise': '0.648'}  time=8.2s   gates=['0.147', '0.152', '0.134', '0.118']
  epoch 009 step 0000   loss=0.7683
  epoch 009 step 0050   loss=0.6484
  epoch 009 step 0100   loss=0.8579
  epoch 009 step 0150   loss=0.7872
  epoch 009 step 0200   loss=0.6683
  epoch 009 step 0250   loss=0.8526
  epoch 009 step 0300   loss=0.6966
Epoch 009  train_loss=0.7541  train_acc=0.7362  test_overall=0.6705  per_ctx={'clean': '0.683', 'brightness': '0.693', 'frost': '0.677', 'gaussian_noise': '0.628'}  time=8.2s   gates=['0.163', '0.139', '0.137', '0.132']
  epoch 010 step 0000   loss=0.6669
  epoch 010 step 0050   loss=0.8450
  epoch 010 step 0100   loss=0.5756
  epoch 010 step 0150   loss=0.6378
  epoch 010 step 0200   loss=0.8680
  epoch 010 step 0250   loss=0.6028
  epoch 010 step 0300   loss=0.5836
Epoch 010  train_loss=0.6554  train_acc=0.7700  test_overall=0.7026  per_ctx={'clean': '0.718', 'brightness': '0.718', 'frost': '0.709', 'gaussian_noise': '0.665'}  time=8.2s   gates=['0.184', '0.134', '0.143', '0.146']
  epoch 011 step 0000   loss=0.7625
  epoch 011 step 0050   loss=0.4890
  epoch 011 step 0100   loss=0.6465
  epoch 011 step 0150   loss=0.5505
  epoch 011 step 0200   loss=0.5900
  epoch 011 step 0250   loss=0.6340
  epoch 011 step 0300   loss=0.4733
Epoch 011  train_loss=0.5725  train_acc=0.7992  test_overall=0.7394  per_ctx={'clean': '0.757', 'brightness': '0.756', 'frost': '0.755', 'gaussian_noise': '0.689'}  time=8.2s   gates=['0.189', '0.128', '0.149', '0.167']
  epoch 012 step 0000   loss=0.5092
  epoch 012 step 0050   loss=0.4497
  epoch 012 step 0100   loss=0.6400
  epoch 012 step 0150   loss=0.3797
  epoch 012 step 0200   loss=0.5786
  epoch 012 step 0250   loss=0.4952
  epoch 012 step 0300   loss=0.5300
Epoch 012  train_loss=0.5100  train_acc=0.8224  test_overall=0.7137  per_ctx={'clean': '0.735', 'brightness': '0.725', 'frost': '0.720', 'gaussian_noise': '0.676'}  time=8.2s   gates=['0.203', '0.122', '0.144', '0.195']
  epoch 013 step 0000   loss=0.4126
  epoch 013 step 0050   loss=0.4567
  epoch 013 step 0100   loss=0.4826
  epoch 013 step 0150   loss=0.5847
  epoch 013 step 0200   loss=0.4690
  epoch 013 step 0250   loss=0.3767
  epoch 013 step 0300   loss=0.4596
Epoch 013  train_loss=0.4476  train_acc=0.8405  test_overall=0.7364  per_ctx={'clean': '0.754', 'brightness': '0.748', 'frost': '0.753', 'gaussian_noise': '0.691'}  time=8.2s   gates=['0.217', '0.126', '0.147', '0.241']
  epoch 014 step 0000   loss=0.4837
  epoch 014 step 0050   loss=0.5759
  epoch 014 step 0100   loss=0.3454
  epoch 014 step 0150   loss=0.5016
  epoch 014 step 0200   loss=0.4157
  epoch 014 step 0250   loss=0.4719
  epoch 014 step 0300   loss=0.3733
Epoch 014  train_loss=0.4000  train_acc=0.8612  test_overall=0.7444  per_ctx={'clean': '0.759', 'brightness': '0.747', 'frost': '0.756', 'gaussian_noise': '0.715'}  time=8.2s   gates=['0.259', '0.122', '0.151', '0.281']
  epoch 015 step 0000   loss=0.2159
  epoch 015 step 0050   loss=0.2823
  epoch 015 step 0100   loss=0.4087
  epoch 015 step 0150   loss=0.4146
  epoch 015 step 0200   loss=0.3837
  epoch 015 step 0250   loss=0.3601
  epoch 015 step 0300   loss=0.3439
Epoch 015  train_loss=0.3488  train_acc=0.8773  test_overall=0.7409  per_ctx={'clean': '0.759', 'brightness': '0.754', 'frost': '0.743', 'gaussian_noise': '0.707'}  time=8.2s   gates=['0.244', '0.122', '0.153', '0.330']
  epoch 016 step 0000   loss=0.2422
  epoch 016 step 0050   loss=0.1941
  epoch 016 step 0100   loss=0.3827
  epoch 016 step 0150   loss=0.3599
  epoch 016 step 0200   loss=0.3314
  epoch 016 step 0250   loss=0.4076
  epoch 016 step 0300   loss=0.2354
Epoch 016  train_loss=0.2954  train_acc=0.8984  test_overall=0.7460  per_ctx={'clean': '0.764', 'brightness': '0.763', 'frost': '0.762', 'gaussian_noise': '0.695'}  time=8.2s   gates=['0.254', '0.124', '0.152', '0.406']
  epoch 017 step 0000   loss=0.2110
  epoch 017 step 0050   loss=0.3308
  epoch 017 step 0100   loss=0.2877
  epoch 017 step 0150   loss=0.2217
  epoch 017 step 0200   loss=0.2305
  epoch 017 step 0250   loss=0.2668
  epoch 017 step 0300   loss=0.3150
Epoch 017  train_loss=0.2657  train_acc=0.9072  test_overall=0.7547  per_ctx={'clean': '0.776', 'brightness': '0.768', 'frost': '0.761', 'gaussian_noise': '0.713'}  time=8.1s   gates=['0.261', '0.124', '0.148', '0.459']
  epoch 018 step 0000   loss=0.1660
  epoch 018 step 0050   loss=0.1888
  epoch 018 step 0100   loss=0.1972
  epoch 018 step 0150   loss=0.1386
  epoch 018 step 0200   loss=0.3239
  epoch 018 step 0250   loss=0.1320
  epoch 018 step 0300   loss=0.1810
Epoch 018  train_loss=0.2212  train_acc=0.9242  test_overall=0.7670  per_ctx={'clean': '0.785', 'brightness': '0.785', 'frost': '0.768', 'gaussian_noise': '0.730'}  time=8.2s   gates=['0.262', '0.128', '0.143', '0.512']
  epoch 019 step 0000   loss=0.1966
  epoch 019 step 0050   loss=0.1614
  epoch 019 step 0100   loss=0.1826
  epoch 019 step 0150   loss=0.1541
  epoch 019 step 0200   loss=0.1440
  epoch 019 step 0250   loss=0.1288
  epoch 019 step 0300   loss=0.0796
Epoch 019  train_loss=0.1792  train_acc=0.9373  test_overall=0.7701  per_ctx={'clean': '0.785', 'brightness': '0.781', 'frost': '0.784', 'gaussian_noise': '0.730'}  time=8.2s   gates=['0.264', '0.132', '0.142', '0.567']
  epoch 020 step 0000   loss=0.1990
  epoch 020 step 0050   loss=0.1055
  epoch 020 step 0100   loss=0.0823
  epoch 020 step 0150   loss=0.1730
  epoch 020 step 0200   loss=0.1150
  epoch 020 step 0250   loss=0.1812
  epoch 020 step 0300   loss=0.2402
Epoch 020  train_loss=0.1443  train_acc=0.9508  test_overall=0.7744  per_ctx={'clean': '0.787', 'brightness': '0.784', 'frost': '0.791', 'gaussian_noise': '0.736'}  time=8.2s   gates=['0.267', '0.134', '0.139', '0.603']
  epoch 021 step 0000   loss=0.1450
  epoch 021 step 0050   loss=0.1566
  epoch 021 step 0100   loss=0.1062
  epoch 021 step 0150   loss=0.0919
  epoch 021 step 0200   loss=0.1723
  epoch 021 step 0250   loss=0.1734
  epoch 021 step 0300   loss=0.2114
Epoch 021  train_loss=0.1128  train_acc=0.9622  test_overall=0.7975  per_ctx={'clean': '0.809', 'brightness': '0.805', 'frost': '0.811', 'gaussian_noise': '0.765'}  time=8.2s   gates=['0.269', '0.135', '0.140', '0.634']
  epoch 022 step 0000   loss=0.0670
  epoch 022 step 0050   loss=0.0620
  epoch 022 step 0100   loss=0.0867
  epoch 022 step 0150   loss=0.1186
  epoch 022 step 0200   loss=0.1292
  epoch 022 step 0250   loss=0.1134
  epoch 022 step 0300   loss=0.0816
Epoch 022  train_loss=0.0854  train_acc=0.9711  test_overall=0.7954  per_ctx={'clean': '0.808', 'brightness': '0.806', 'frost': '0.809', 'gaussian_noise': '0.758'}  time=8.2s   gates=['0.270', '0.140', '0.141', '0.655']
  epoch 023 step 0000   loss=0.0710
  epoch 023 step 0050   loss=0.0733
  epoch 023 step 0100   loss=0.0597
  epoch 023 step 0150   loss=0.0720
  epoch 023 step 0200   loss=0.0503
  epoch 023 step 0250   loss=0.0571
  epoch 023 step 0300   loss=0.0559
Epoch 023  train_loss=0.0677  train_acc=0.9773  test_overall=0.7979  per_ctx={'clean': '0.810', 'brightness': '0.803', 'frost': '0.815', 'gaussian_noise': '0.763'}  time=8.2s   gates=['0.274', '0.143', '0.143', '0.670']
  epoch 024 step 0000   loss=0.1250
  epoch 024 step 0050   loss=0.0588
  epoch 024 step 0100   loss=0.0327
  epoch 024 step 0150   loss=0.0767
  epoch 024 step 0200   loss=0.0422
  epoch 024 step 0250   loss=0.0449
  epoch 024 step 0300   loss=0.0674
Epoch 024  train_loss=0.0481  train_acc=0.9844  test_overall=0.8008  per_ctx={'clean': '0.814', 'brightness': '0.809', 'frost': '0.815', 'gaussian_noise': '0.765'}  time=8.2s   gates=['0.276', '0.144', '0.144', '0.680']
  epoch 025 step 0000   loss=0.0681
  epoch 025 step 0050   loss=0.0157
  epoch 025 step 0100   loss=0.0052
  epoch 025 step 0150   loss=0.0136
  epoch 025 step 0200   loss=0.0080
  epoch 025 step 0250   loss=0.0887
  epoch 025 step 0300   loss=0.0545
Epoch 025  train_loss=0.0351  train_acc=0.9891  test_overall=0.8105  per_ctx={'clean': '0.822', 'brightness': '0.816', 'frost': '0.825', 'gaussian_noise': '0.779'}  time=8.2s   gates=['0.277', '0.146', '0.145', '0.687']
  epoch 026 step 0000   loss=0.0620
  epoch 026 step 0050   loss=0.0150
  epoch 026 step 0100   loss=0.0069
  epoch 026 step 0150   loss=0.0459
  epoch 026 step 0200   loss=0.0073
  epoch 026 step 0250   loss=0.0308
  epoch 026 step 0300   loss=0.0193
Epoch 026  train_loss=0.0253  train_acc=0.9921  test_overall=0.8157  per_ctx={'clean': '0.825', 'brightness': '0.822', 'frost': '0.829', 'gaussian_noise': '0.787'}  time=8.2s   gates=['0.279', '0.147', '0.147', '0.691']
  epoch 027 step 0000   loss=0.0090
  epoch 027 step 0050   loss=0.0149
  epoch 027 step 0100   loss=0.0461
  epoch 027 step 0150   loss=0.0518
  epoch 027 step 0200   loss=0.0073
  epoch 027 step 0250   loss=0.0181
  epoch 027 step 0300   loss=0.0139
Epoch 027  train_loss=0.0238  train_acc=0.9932  test_overall=0.8175  per_ctx={'clean': '0.827', 'brightness': '0.828', 'frost': '0.831', 'gaussian_noise': '0.785'}  time=8.2s   gates=['0.280', '0.148', '0.147', '0.693']
  epoch 028 step 0000   loss=0.0474
  epoch 028 step 0050   loss=0.0069
  epoch 028 step 0100   loss=0.0274
  epoch 028 step 0150   loss=0.1142
  epoch 028 step 0200   loss=0.0146
  epoch 028 step 0250   loss=0.0073
  epoch 028 step 0300   loss=0.0090
Epoch 028  train_loss=0.0202  train_acc=0.9946  test_overall=0.8175  per_ctx={'clean': '0.826', 'brightness': '0.824', 'frost': '0.831', 'gaussian_noise': '0.788'}  time=8.2s   gates=['0.280', '0.148', '0.148', '0.694']
  epoch 029 step 0000   loss=0.0084
  epoch 029 step 0050   loss=0.0558
  epoch 029 step 0100   loss=0.0171
  epoch 029 step 0150   loss=0.0132
  epoch 029 step 0200   loss=0.0126
  epoch 029 step 0250   loss=0.0105
  epoch 029 step 0300   loss=0.0200
Epoch 029  train_loss=0.0193  train_acc=0.9949  test_overall=0.8182  per_ctx={'clean': '0.828', 'brightness': '0.827', 'frost': '0.831', 'gaussian_noise': '0.787'}  time=8.2s   gates=['0.280', '0.148', '0.148', '0.694']
Best overall: 0.8182
Saved: experiments/runs/scdmn_cnn_final.pt
