=== Run: independent ===
Config: TrainConfig(model_type='independent', context_mode='cnn', epochs=30, batch_size=128, lr=0.1, momentum=0.9, weight_decay=0.0005, sparsity=0.5, mask_diversity_lambda=0.02, z_dim=128, severity=3, use_official_c=True, train_size_per_context=10000, warmup_soft_mask_epochs=2, device='cuda', seed=42, data_root='./data_cache', save_dir='./experiments/runs', run_name='independent', log_every=50)
Train size: 40000   Test size: 40000
Model: independent   Params: 44,695,848
  epoch 000 step 0000   loss=2.4080
  epoch 000 step 0050   loss=2.0667
  epoch 000 step 0100   loss=1.9733
  epoch 000 step 0150   loss=1.8305
  epoch 000 step 0200   loss=1.8729
  epoch 000 step 0250   loss=1.7736
  epoch 000 step 0300   loss=1.7680
Epoch 000  train_loss=1.9641  train_acc=0.2850  test_overall=0.3665  per_ctx={'clean': '0.372', 'brightness': '0.351', 'frost': '0.358', 'gaussian_noise': '0.385'}  time=7.6s
  epoch 001 step 0000   loss=1.8312
  epoch 001 step 0050   loss=1.6038
  epoch 001 step 0100   loss=1.6192
  epoch 001 step 0150   loss=1.7319
  epoch 001 step 0200   loss=1.4225
  epoch 001 step 0250   loss=1.5548
  epoch 001 step 0300   loss=1.6325
Epoch 001  train_loss=1.6257  train_acc=0.3978  test_overall=0.4220  per_ctx={'clean': '0.459', 'brightness': '0.414', 'frost': '0.412', 'gaussian_noise': '0.403'}  time=7.4s
  epoch 002 step 0000   loss=1.5272
  epoch 002 step 0050   loss=1.4779
  epoch 002 step 0100   loss=1.6013
  epoch 002 step 0150   loss=1.6084
  epoch 002 step 0200   loss=1.4936
  epoch 002 step 0250   loss=1.5761
  epoch 002 step 0300   loss=1.4001
Epoch 002  train_loss=1.4843  train_acc=0.4550  test_overall=0.4657  per_ctx={'clean': '0.472', 'brightness': '0.422', 'frost': '0.502', 'gaussian_noise': '0.466'}  time=7.4s
  epoch 003 step 0000   loss=1.5776
  epoch 003 step 0050   loss=1.3141
  epoch 003 step 0100   loss=1.3232
  epoch 003 step 0150   loss=1.4202
  epoch 003 step 0200   loss=1.3026
  epoch 003 step 0250   loss=1.3925
  epoch 003 step 0300   loss=1.2360
Epoch 003  train_loss=1.3622  train_acc=0.5036  test_overall=0.5343  per_ctx={'clean': '0.550', 'brightness': '0.533', 'frost': '0.562', 'gaussian_noise': '0.492'}  time=7.6s
  epoch 004 step 0000   loss=1.3041
  epoch 004 step 0050   loss=1.2104
  epoch 004 step 0100   loss=1.2420
  epoch 004 step 0150   loss=1.2007
  epoch 004 step 0200   loss=1.3467
  epoch 004 step 0250   loss=1.0913
  epoch 004 step 0300   loss=1.3224
Epoch 004  train_loss=1.2612  train_acc=0.5447  test_overall=0.5589  per_ctx={'clean': '0.575', 'brightness': '0.546', 'frost': '0.562', 'gaussian_noise': '0.552'}  time=7.4s
  epoch 005 step 0000   loss=1.2784
  epoch 005 step 0050   loss=1.2119
  epoch 005 step 0100   loss=1.3030
  epoch 005 step 0150   loss=1.0849
  epoch 005 step 0200   loss=1.3266
  epoch 005 step 0250   loss=1.3647
  epoch 005 step 0300   loss=1.2962
Epoch 005  train_loss=1.1787  train_acc=0.5752  test_overall=0.5744  per_ctx={'clean': '0.578', 'brightness': '0.543', 'frost': '0.610', 'gaussian_noise': '0.566'}  time=7.4s
  epoch 006 step 0000   loss=1.0214
  epoch 006 step 0050   loss=1.2341
  epoch 006 step 0100   loss=1.0184
  epoch 006 step 0150   loss=0.9286
  epoch 006 step 0200   loss=0.8977
  epoch 006 step 0250   loss=1.2298
  epoch 006 step 0300   loss=1.1008
Epoch 006  train_loss=1.1209  train_acc=0.5995  test_overall=0.5847  per_ctx={'clean': '0.597', 'brightness': '0.587', 'frost': '0.551', 'gaussian_noise': '0.604'}  time=7.4s
  epoch 007 step 0000   loss=1.0003
  epoch 007 step 0050   loss=0.8942
  epoch 007 step 0100   loss=0.9019
  epoch 007 step 0150   loss=0.9984
  epoch 007 step 0200   loss=1.0730
  epoch 007 step 0250   loss=1.1516
  epoch 007 step 0300   loss=1.0393
Epoch 007  train_loss=1.0564  train_acc=0.6248  test_overall=0.5768  per_ctx={'clean': '0.595', 'brightness': '0.529', 'frost': '0.565', 'gaussian_noise': '0.619'}  time=7.4s
  epoch 008 step 0000   loss=1.1944
  epoch 008 step 0050   loss=1.0869
  epoch 008 step 0100   loss=0.9300
  epoch 008 step 0150   loss=0.9645
  epoch 008 step 0200   loss=0.8960
  epoch 008 step 0250   loss=0.9937
  epoch 008 step 0300   loss=1.1178
Epoch 008  train_loss=1.0084  train_acc=0.6416  test_overall=0.6404  per_ctx={'clean': '0.689', 'brightness': '0.660', 'frost': '0.609', 'gaussian_noise': '0.603'}  time=7.4s
  epoch 009 step 0000   loss=0.9735
  epoch 009 step 0050   loss=1.0638
  epoch 009 step 0100   loss=0.7976
  epoch 009 step 0150   loss=0.9007
  epoch 009 step 0200   loss=0.8857
  epoch 009 step 0250   loss=0.9943
  epoch 009 step 0300   loss=0.8934
Epoch 009  train_loss=0.9556  train_acc=0.6615  test_overall=0.6547  per_ctx={'clean': '0.664', 'brightness': '0.649', 'frost': '0.681', 'gaussian_noise': '0.625'}  time=7.4s
  epoch 010 step 0000   loss=0.9200
  epoch 010 step 0050   loss=0.8372
  epoch 010 step 0100   loss=0.9520
  epoch 010 step 0150   loss=0.9226
  epoch 010 step 0200   loss=0.7825
  epoch 010 step 0250   loss=0.7922
  epoch 010 step 0300   loss=0.9628
Epoch 010  train_loss=0.9129  train_acc=0.6776  test_overall=0.6300  per_ctx={'clean': '0.670', 'brightness': '0.597', 'frost': '0.618', 'gaussian_noise': '0.636'}  time=7.4s
  epoch 011 step 0000   loss=0.8268
  epoch 011 step 0050   loss=0.9419
  epoch 011 step 0100   loss=0.8139
  epoch 011 step 0150   loss=1.0686
  epoch 011 step 0200   loss=0.8083
  epoch 011 step 0250   loss=0.7881
  epoch 011 step 0300   loss=0.9889
Epoch 011  train_loss=0.8583  train_acc=0.6978  test_overall=0.6588  per_ctx={'clean': '0.691', 'brightness': '0.634', 'frost': '0.669', 'gaussian_noise': '0.641'}  time=7.5s
  epoch 012 step 0000   loss=0.7909
  epoch 012 step 0050   loss=0.7878
  epoch 012 step 0100   loss=0.8338
  epoch 012 step 0150   loss=0.8105
  epoch 012 step 0200   loss=0.7330
  epoch 012 step 0250   loss=0.9852
  epoch 012 step 0300   loss=0.7786
Epoch 012  train_loss=0.8230  train_acc=0.7126  test_overall=0.6895  per_ctx={'clean': '0.690', 'brightness': '0.704', 'frost': '0.704', 'gaussian_noise': '0.660'}  time=7.5s
  epoch 013 step 0000   loss=0.6828
  epoch 013 step 0050   loss=0.7331
  epoch 013 step 0100   loss=0.7443
  epoch 013 step 0150   loss=0.9332
  epoch 013 step 0200   loss=0.8357
  epoch 013 step 0250   loss=0.7538
  epoch 013 step 0300   loss=0.8393
Epoch 013  train_loss=0.7911  train_acc=0.7218  test_overall=0.6881  per_ctx={'clean': '0.728', 'brightness': '0.708', 'frost': '0.699', 'gaussian_noise': '0.617'}  time=7.4s
  epoch 014 step 0000   loss=0.7021
  epoch 014 step 0050   loss=0.7469
  epoch 014 step 0100   loss=0.7507
  epoch 014 step 0150   loss=0.7406
  epoch 014 step 0200   loss=0.8284
  epoch 014 step 0250   loss=0.7591
  epoch 014 step 0300   loss=0.8372
Epoch 014  train_loss=0.7498  train_acc=0.7373  test_overall=0.7220  per_ctx={'clean': '0.730', 'brightness': '0.751', 'frost': '0.733', 'gaussian_noise': '0.675'}  time=7.4s
  epoch 015 step 0000   loss=0.6724
  epoch 015 step 0050   loss=0.5702
  epoch 015 step 0100   loss=0.8400
  epoch 015 step 0150   loss=0.6940
  epoch 015 step 0200   loss=0.6935
  epoch 015 step 0250   loss=0.6434
  epoch 015 step 0300   loss=0.5658
Epoch 015  train_loss=0.7089  train_acc=0.7550  test_overall=0.7339  per_ctx={'clean': '0.759', 'brightness': '0.740', 'frost': '0.748', 'gaussian_noise': '0.689'}  time=7.4s
  epoch 016 step 0000   loss=0.7281
  epoch 016 step 0050   loss=0.4750
  epoch 016 step 0100   loss=0.7711
  epoch 016 step 0150   loss=0.6087
  epoch 016 step 0200   loss=0.5697
  epoch 016 step 0250   loss=0.6407
  epoch 016 step 0300   loss=0.7202
Epoch 016  train_loss=0.6779  train_acc=0.7634  test_overall=0.7305  per_ctx={'clean': '0.768', 'brightness': '0.732', 'frost': '0.751', 'gaussian_noise': '0.671'}  time=7.4s
  epoch 017 step 0000   loss=0.6712
  epoch 017 step 0050   loss=0.6043
  epoch 017 step 0100   loss=0.6890
  epoch 017 step 0150   loss=0.5221
  epoch 017 step 0200   loss=0.6361
  epoch 017 step 0250   loss=0.6260
  epoch 017 step 0300   loss=0.5962
Epoch 017  train_loss=0.6341  train_acc=0.7818  test_overall=0.7325  per_ctx={'clean': '0.748', 'brightness': '0.729', 'frost': '0.772', 'gaussian_noise': '0.681'}  time=7.5s
  epoch 018 step 0000   loss=0.7542
  epoch 018 step 0050   loss=0.4872
  epoch 018 step 0100   loss=0.5462
  epoch 018 step 0150   loss=0.4712
  epoch 018 step 0200   loss=0.5219
  epoch 018 step 0250   loss=0.5546
  epoch 018 step 0300   loss=0.5338
Epoch 018  train_loss=0.5920  train_acc=0.7960  test_overall=0.7508  per_ctx={'clean': '0.779', 'brightness': '0.766', 'frost': '0.774', 'gaussian_noise': '0.684'}  time=7.5s
  epoch 019 step 0000   loss=0.5259
  epoch 019 step 0050   loss=0.5502
  epoch 019 step 0100   loss=0.6589
  epoch 019 step 0150   loss=0.6726
  epoch 019 step 0200   loss=0.6864
  epoch 019 step 0250   loss=0.5608
  epoch 019 step 0300   loss=0.6372
Epoch 019  train_loss=0.5531  train_acc=0.8089  test_overall=0.7653  per_ctx={'clean': '0.798', 'brightness': '0.786', 'frost': '0.780', 'gaussian_noise': '0.698'}  time=7.4s
  epoch 020 step 0000   loss=0.4498
  epoch 020 step 0050   loss=0.4851
  epoch 020 step 0100   loss=0.3842
  epoch 020 step 0150   loss=0.4192
  epoch 020 step 0200   loss=0.6057
  epoch 020 step 0250   loss=0.6287
  epoch 020 step 0300   loss=0.6030
Epoch 020  train_loss=0.5110  train_acc=0.8225  test_overall=0.7809  per_ctx={'clean': '0.801', 'brightness': '0.800', 'frost': '0.794', 'gaussian_noise': '0.729'}  time=7.4s
  epoch 021 step 0000   loss=0.4383
  epoch 021 step 0050   loss=0.4665
  epoch 021 step 0100   loss=0.3445
  epoch 021 step 0150   loss=0.3940
  epoch 021 step 0200   loss=0.4173
  epoch 021 step 0250   loss=0.4237
  epoch 021 step 0300   loss=0.4470
Epoch 021  train_loss=0.4665  train_acc=0.8403  test_overall=0.7932  per_ctx={'clean': '0.813', 'brightness': '0.810', 'frost': '0.807', 'gaussian_noise': '0.743'}  time=7.5s
  epoch 022 step 0000   loss=0.3304
  epoch 022 step 0050   loss=0.3930
  epoch 022 step 0100   loss=0.5097
  epoch 022 step 0150   loss=0.4259
  epoch 022 step 0200   loss=0.2978
  epoch 022 step 0250   loss=0.3514
  epoch 022 step 0300   loss=0.3188
Epoch 022  train_loss=0.4251  train_acc=0.8544  test_overall=0.7911  per_ctx={'clean': '0.821', 'brightness': '0.785', 'frost': '0.820', 'gaussian_noise': '0.738'}  time=7.5s
  epoch 023 step 0000   loss=0.4300
  epoch 023 step 0050   loss=0.3736
  epoch 023 step 0100   loss=0.3313
  epoch 023 step 0150   loss=0.3647
  epoch 023 step 0200   loss=0.3670
  epoch 023 step 0250   loss=0.4910
  epoch 023 step 0300   loss=0.4596
Epoch 023  train_loss=0.3805  train_acc=0.8702  test_overall=0.8072  per_ctx={'clean': '0.821', 'brightness': '0.825', 'frost': '0.830', 'gaussian_noise': '0.752'}  time=7.5s
  epoch 024 step 0000   loss=0.3482
  epoch 024 step 0050   loss=0.3513
  epoch 024 step 0100   loss=0.3458
  epoch 024 step 0150   loss=0.3386
  epoch 024 step 0200   loss=0.2707
  epoch 024 step 0250   loss=0.3351
  epoch 024 step 0300   loss=0.3238
Epoch 024  train_loss=0.3305  train_acc=0.8889  test_overall=0.8163  per_ctx={'clean': '0.841', 'brightness': '0.832', 'frost': '0.839', 'gaussian_noise': '0.753'}  time=7.4s
  epoch 025 step 0000   loss=0.3571
  epoch 025 step 0050   loss=0.3199
  epoch 025 step 0100   loss=0.2073
  epoch 025 step 0150   loss=0.2037
  epoch 025 step 0200   loss=0.2391
  epoch 025 step 0250   loss=0.1965
  epoch 025 step 0300   loss=0.2096
Epoch 025  train_loss=0.2920  train_acc=0.9030  test_overall=0.8202  per_ctx={'clean': '0.851', 'brightness': '0.829', 'frost': '0.839', 'gaussian_noise': '0.762'}  time=7.4s
  epoch 026 step 0000   loss=0.2528
  epoch 026 step 0050   loss=0.2836
  epoch 026 step 0100   loss=0.2256
  epoch 026 step 0150   loss=0.2452
  epoch 026 step 0200   loss=0.2048
  epoch 026 step 0250   loss=0.3055
  epoch 026 step 0300   loss=0.3234
Epoch 026  train_loss=0.2572  train_acc=0.9149  test_overall=0.8281  per_ctx={'clean': '0.854', 'brightness': '0.837', 'frost': '0.848', 'gaussian_noise': '0.774'}  time=7.4s
  epoch 027 step 0000   loss=0.1878
  epoch 027 step 0050   loss=0.2327
  epoch 027 step 0100   loss=0.2156
  epoch 027 step 0150   loss=0.3053
  epoch 027 step 0200   loss=0.2768
  epoch 027 step 0250   loss=0.2563
  epoch 027 step 0300   loss=0.2517
Epoch 027  train_loss=0.2286  train_acc=0.9276  test_overall=0.8333  per_ctx={'clean': '0.856', 'brightness': '0.843', 'frost': '0.856', 'gaussian_noise': '0.778'}  time=7.5s
  epoch 028 step 0000   loss=0.2025
  epoch 028 step 0050   loss=0.2223
  epoch 028 step 0100   loss=0.2333
  epoch 028 step 0150   loss=0.2480
  epoch 028 step 0200   loss=0.1793
  epoch 028 step 0250   loss=0.1631
  epoch 028 step 0300   loss=0.2680
Epoch 028  train_loss=0.2103  train_acc=0.9344  test_overall=0.8345  per_ctx={'clean': '0.859', 'brightness': '0.845', 'frost': '0.855', 'gaussian_noise': '0.779'}  time=7.5s
  epoch 029 step 0000   loss=0.2114
  epoch 029 step 0050   loss=0.1860
  epoch 029 step 0100   loss=0.2654
  epoch 029 step 0150   loss=0.1702
  epoch 029 step 0200   loss=0.1878
  epoch 029 step 0250   loss=0.2351
  epoch 029 step 0300   loss=0.1593
Epoch 029  train_loss=0.2024  train_acc=0.9374  test_overall=0.8351  per_ctx={'clean': '0.859', 'brightness': '0.846', 'frost': '0.857', 'gaussian_noise': '0.778'}  time=7.5s
Best overall: 0.8351
Saved: experiments/runs/independent_final.pt
